<?xml version="1.0" encoding="UTF-8"?>
<!-- Generated by org.testng.reporters.JUnitXMLReporter -->
<testsuite ignored="0" hostname="LAPTOP-ELEOHM85" failures="0" tests="3" name="Default test" time="3.166" errors="0" timestamp="2022-04-29T21:58:34 IST">
  <testcase classname="com.ibsplc.files.DynamicJson" name="addBook" time="2.515"/>
  <testcase classname="com.ibsplc.files.DynamicJson" name="addBook" time="0.313"/>
  <testcase classname="com.ibsplc.files.DynamicJson" name="addBook" time="0.285"/>
</testsuite> <!-- Default test -->
