<?xml version="1.0" encoding="UTF-8"?>
<testng-results ignored="0" total="3" passed="3" failed="0" skipped="0">
  <reporter-output>
  </reporter-output>
  <suite started-at="2022-04-29T21:58:30 IST" name="Default suite" finished-at="2022-04-29T21:58:33 IST" duration-ms="3166">
    <groups>
    </groups>
    <test started-at="2022-04-29T21:58:30 IST" name="Default test" finished-at="2022-04-29T21:58:33 IST" duration-ms="3166">
      <class name="com.ibsplc.files.DynamicJson">
        <test-method signature="addBook(java.lang.String,java.lang.String)[pri:0, instance:com.ibsplc.files.DynamicJson@79da8dc5]" started-at="2022-04-29T21:58:30 IST" name="addBook" data-provider="BooksData" finished-at="2022-04-29T21:58:33 IST" duration-ms="2515" status="PASS">
          <params>
            <param index="0">
              <value>
                <![CDATA[ghjk]]>
              </value>
            </param>
            <param index="1">
              <value>
                <![CDATA[678]]>
              </value>
            </param>
          </params>
          <reporter-output>
          </reporter-output>
        </test-method> <!-- addBook -->
        <test-method signature="addBook(java.lang.String,java.lang.String)[pri:0, instance:com.ibsplc.files.DynamicJson@79da8dc5]" started-at="2022-04-29T21:58:33 IST" name="addBook" data-provider="BooksData" finished-at="2022-04-29T21:58:33 IST" duration-ms="313" status="PASS">
          <params>
            <param index="0">
              <value>
                <![CDATA[etyr]]>
              </value>
            </param>
            <param index="1">
              <value>
                <![CDATA[890]]>
              </value>
            </param>
          </params>
          <reporter-output>
          </reporter-output>
        </test-method> <!-- addBook -->
        <test-method signature="addBook(java.lang.String,java.lang.String)[pri:0, instance:com.ibsplc.files.DynamicJson@79da8dc5]" started-at="2022-04-29T21:58:33 IST" name="addBook" data-provider="BooksData" finished-at="2022-04-29T21:58:33 IST" duration-ms="285" status="PASS">
          <params>
            <param index="0">
              <value>
                <![CDATA[tyui]]>
              </value>
            </param>
            <param index="1">
              <value>
                <![CDATA[456]]>
              </value>
            </param>
          </params>
          <reporter-output>
          </reporter-output>
        </test-method> <!-- addBook -->
      </class> <!-- com.ibsplc.files.DynamicJson -->
    </test> <!-- Default test -->
  </suite> <!-- Default suite -->
</testng-results>
